[2019-12-30T09:54:23.499] [DEBUG] cheese - login => username:11111111,password:1111111
[2019-12-30T09:54:23.500] [DEBUG] cheese - 11111111
[2019-12-30T09:54:23.517] [DEBUG] cheese - null
[2019-12-30T09:54:23.517] [DEBUG] cheese - null
[2019-12-30T18:15:17.406] [DEBUG] cheese - login => username:11111,password:111111
[2019-12-30T18:15:17.408] [DEBUG] cheese - 11111
[2019-12-30T18:15:17.417] [DEBUG] cheese - null
[2019-12-30T18:15:17.417] [DEBUG] cheese - null
[2019-12-30T18:15:38.799] [DEBUG] cheese - login => username:11111,password:111111111
[2019-12-30T18:15:38.799] [DEBUG] cheese - 11111
[2019-12-30T18:15:38.801] [DEBUG] cheese - null
[2019-12-30T18:15:38.802] [DEBUG] cheese - null
[2019-12-30T18:15:59.148] [DEBUG] cheese - login => username:11111,password:1111111111
[2019-12-30T18:15:59.148] [DEBUG] cheese - 11111
[2019-12-30T18:15:59.150] [DEBUG] cheese - null
[2019-12-30T18:15:59.150] [DEBUG] cheese - null
[2019-12-30T18:17:26.222] [DEBUG] cheese - login => username:1111,password:1111111
[2019-12-30T18:17:26.222] [DEBUG] cheese - 1111
[2019-12-30T18:17:26.225] [DEBUG] cheese - null
[2019-12-30T18:17:26.225] [DEBUG] cheese - null
[2019-12-30T18:17:37.392] [DEBUG] cheese - login => username:admain,password:123456
[2019-12-30T18:17:37.392] [DEBUG] cheese - admain
[2019-12-30T18:17:37.394] [DEBUG] cheese - null
[2019-12-30T18:17:37.394] [DEBUG] cheese - null
[2019-12-30T18:18:19.221] [DEBUG] cheese - login => username:admin,password:123456
[2019-12-30T18:18:19.221] [DEBUG] cheese - admin
[2019-12-30T18:18:19.227] [DEBUG] cheese - null
[2019-12-30T18:18:19.227] [DEBUG] cheese - null
[2019-12-30T18:18:46.394] [DEBUG] cheese - login => username:111111,password:11111111
[2019-12-30T18:18:46.395] [DEBUG] cheese - 111111
[2019-12-30T18:18:46.397] [DEBUG] cheese - login => username:111111,password:11111111
[2019-12-30T18:18:46.397] [DEBUG] cheese - 111111
[2019-12-30T18:18:46.399] [DEBUG] cheese - null
[2019-12-30T18:18:46.399] [DEBUG] cheese - null
[2019-12-30T18:18:46.400] [DEBUG] cheese - null
[2019-12-30T18:18:46.400] [DEBUG] cheese - null
[2019-12-30T18:19:25.631] [DEBUG] cheese - login => username:1111111111,password:111111111111
[2019-12-30T18:19:25.631] [DEBUG] cheese - 1111111111
[2019-12-30T18:19:25.633] [DEBUG] cheese - login => username:1111111111,password:111111111111
[2019-12-30T18:19:25.633] [DEBUG] cheese - 1111111111
[2019-12-30T18:19:25.634] [DEBUG] cheese - null
[2019-12-30T18:19:25.634] [DEBUG] cheese - null
[2019-12-30T18:19:25.635] [DEBUG] cheese - null
[2019-12-30T18:19:25.635] [DEBUG] cheese - null
[2019-12-30T18:20:20.910] [DEBUG] cheese - login => username:1111,password:1111111111111
[2019-12-30T18:20:20.910] [DEBUG] cheese - 1111
[2019-12-30T18:20:20.912] [DEBUG] cheese - login => username:1111,password:1111111111111
[2019-12-30T18:20:20.912] [DEBUG] cheese - 1111
[2019-12-30T18:20:20.914] [DEBUG] cheese - null
[2019-12-30T18:20:20.914] [DEBUG] cheese - null
[2019-12-30T18:20:20.914] [DEBUG] cheese - null
[2019-12-30T18:20:20.914] [DEBUG] cheese - null
[2019-12-30T18:21:22.683] [DEBUG] cheese - login => username:111,password:111111
[2019-12-30T18:21:22.683] [DEBUG] cheese - 111
[2019-12-30T18:21:22.685] [DEBUG] cheese - login => username:111,password:111111
[2019-12-30T18:21:22.685] [DEBUG] cheese - 111
[2019-12-30T18:21:22.686] [DEBUG] cheese - null
[2019-12-30T18:21:22.686] [DEBUG] cheese - null
[2019-12-30T18:21:22.687] [DEBUG] cheese - null
[2019-12-30T18:21:22.687] [DEBUG] cheese - null
[2019-12-30T18:21:31.546] [DEBUG] cheese - login => username:111,password:111111111
[2019-12-30T18:21:31.546] [DEBUG] cheese - 111
[2019-12-30T18:21:31.548] [DEBUG] cheese - null
[2019-12-30T18:21:31.548] [DEBUG] cheese - null
[2019-12-30T18:21:31.552] [DEBUG] cheese - login => username:111,password:111111111
[2019-12-30T18:21:31.552] [DEBUG] cheese - 111
[2019-12-30T18:21:31.554] [DEBUG] cheese - null
[2019-12-30T18:21:31.554] [DEBUG] cheese - null
[2019-12-30T18:25:24.537] [DEBUG] cheese - login => username:111111,password:1111111
[2019-12-30T18:25:24.538] [DEBUG] cheese - 111111
[2019-12-30T18:25:24.539] [DEBUG] cheese - null
[2019-12-30T18:25:24.539] [DEBUG] cheese - null
[2019-12-30T18:25:24.544] [DEBUG] cheese - login => username:111111,password:1111111
[2019-12-30T18:25:24.544] [DEBUG] cheese - 111111
[2019-12-30T18:25:24.546] [DEBUG] cheese - login => username:111111,password:1111111
[2019-12-30T18:25:24.546] [DEBUG] cheese - 111111
[2019-12-30T18:25:24.547] [DEBUG] cheese - null
[2019-12-30T18:25:24.547] [DEBUG] cheese - null
[2019-12-30T18:25:24.548] [DEBUG] cheese - null
[2019-12-30T18:25:24.548] [DEBUG] cheese - null
[2019-12-30T18:25:40.753] [DEBUG] cheese - login => username:111,password:1111111
[2019-12-30T18:25:40.753] [DEBUG] cheese - 111
[2019-12-30T18:25:40.755] [DEBUG] cheese - null
[2019-12-30T18:25:40.755] [DEBUG] cheese - null
[2019-12-30T18:25:40.759] [DEBUG] cheese - login => username:111,password:1111111
[2019-12-30T18:25:40.759] [DEBUG] cheese - 111
[2019-12-30T18:25:40.760] [DEBUG] cheese - login => username:111,password:1111111
[2019-12-30T18:25:40.761] [DEBUG] cheese - 111
[2019-12-30T18:25:40.763] [DEBUG] cheese - null
[2019-12-30T18:25:40.763] [DEBUG] cheese - null
[2019-12-30T18:25:40.763] [DEBUG] cheese - null
[2019-12-30T18:25:40.763] [DEBUG] cheese - null
[2019-12-30T19:40:30.455] [DEBUG] cheese - login => username:admin,password:123456
[2019-12-30T19:40:30.455] [DEBUG] cheese - admin
[2019-12-30T19:40:30.458] [DEBUG] cheese - null
[2019-12-30T19:40:30.458] [DEBUG] cheese - null
[2019-12-30T19:40:48.179] [DEBUG] cheese - login => username:admin,password:123456
[2019-12-30T19:40:48.179] [DEBUG] cheese - admin
[2019-12-30T19:40:48.181] [DEBUG] cheese - null
[2019-12-30T19:40:48.181] [DEBUG] cheese - null
[2019-12-30T19:40:57.434] [DEBUG] cheese - login => username:admin,password:123456
[2019-12-30T19:40:57.434] [DEBUG] cheese - admin
[2019-12-30T19:40:57.435] [DEBUG] cheese - null
[2019-12-30T19:40:57.436] [DEBUG] cheese - null
[2019-12-30T19:41:24.187] [DEBUG] cheese - login => username:admin,password:123456
[2019-12-30T19:41:24.187] [DEBUG] cheese - admin
[2019-12-30T19:41:24.189] [DEBUG] cheese - null
[2019-12-30T19:41:24.189] [DEBUG] cheese - null
[2019-12-30T19:41:45.195] [DEBUG] cheese - login => username:admin,password:123456
[2019-12-30T19:41:45.195] [DEBUG] cheese - admin
[2019-12-30T19:41:45.197] [DEBUG] cheese - null
[2019-12-30T19:41:45.197] [DEBUG] cheese - null
[2019-12-30T19:42:16.748] [DEBUG] cheese - login => username:admin,password:123456
[2019-12-30T19:42:16.748] [DEBUG] cheese - admin
[2019-12-30T19:42:16.750] [DEBUG] cheese - null
[2019-12-30T19:42:16.750] [DEBUG] cheese - null
[2019-12-30T20:33:43.684] [DEBUG] cheese - login => username:admin,password:123456
[2019-12-30T20:33:43.684] [DEBUG] cheese - admin
[2019-12-30T20:33:43.687] [DEBUG] cheese - null
[2019-12-30T20:33:43.687] [DEBUG] cheese - null
[2019-12-30T20:35:36.392] [DEBUG] cheese - login => username:admin,password:123456
[2019-12-30T20:35:36.392] [DEBUG] cheese - admin
[2019-12-30T20:35:36.394] [DEBUG] cheese - null
[2019-12-30T20:35:36.394] [DEBUG] cheese - null
[2019-12-30T20:35:43.177] [DEBUG] cheese - login => username:admin,password:123456
[2019-12-30T20:35:43.177] [DEBUG] cheese - admin
[2019-12-30T20:35:43.179] [DEBUG] cheese - null
[2019-12-30T20:35:43.180] [DEBUG] cheese - null
[2019-12-30T20:36:31.923] [DEBUG] cheese - login => username:admi,password:123456
[2019-12-30T20:36:31.924] [DEBUG] cheese - admi
[2019-12-30T20:36:31.925] [DEBUG] cheese - null
[2019-12-30T20:36:31.926] [DEBUG] cheese - null
[2019-12-30T20:39:17.193] [DEBUG] cheese - login => username:admi,password:123456
[2019-12-30T20:39:17.193] [DEBUG] cheese - admi
[2019-12-30T20:39:17.194] [DEBUG] cheese - null
[2019-12-30T20:39:17.195] [DEBUG] cheese - null
[2019-12-30T20:39:22.484] [DEBUG] cheese - login => username:admi,password:123456
[2019-12-30T20:39:22.485] [DEBUG] cheese - admi
[2019-12-30T20:39:22.486] [DEBUG] cheese - null
[2019-12-30T20:39:22.486] [DEBUG] cheese - null
[2019-12-30T20:39:56.526] [DEBUG] cheese - login => username:admin,password:123456
[2019-12-30T20:39:56.526] [DEBUG] cheese - admin
[2019-12-30T20:39:56.528] [DEBUG] cheese - null
[2019-12-30T20:39:56.528] [DEBUG] cheese - null
[2019-12-30T22:02:22.413] [DEBUG] cheese - login => username:admin,password:123456
[2019-12-30T22:02:22.413] [DEBUG] cheese - admin
[2019-12-30T22:02:22.416] [DEBUG] cheese - null
[2019-12-30T22:02:22.416] [DEBUG] cheese - null
[2019-12-30T22:02:51.981] [DEBUG] cheese - login => username:admin,password:123456
[2019-12-30T22:02:51.981] [DEBUG] cheese - admin
[2019-12-30T22:02:51.982] [DEBUG] cheese - null
[2019-12-30T22:02:51.982] [DEBUG] cheese - null
[2019-12-30T22:04:39.876] [DEBUG] cheese - login => username:admin,password:123456
[2019-12-30T22:04:39.876] [DEBUG] cheese - admin
[2019-12-30T22:04:39.878] [DEBUG] cheese - null
[2019-12-30T22:04:39.878] [DEBUG] cheese - null
[2019-12-30T22:04:49.363] [DEBUG] cheese - login => username:admin,password:123456
[2019-12-30T22:04:49.363] [DEBUG] cheese - admin
[2019-12-30T22:04:49.365] [DEBUG] cheese - null
[2019-12-30T22:04:49.365] [DEBUG] cheese - null
[2019-12-30T22:05:05.360] [DEBUG] cheese - login => username:admin,password:123456
[2019-12-30T22:05:05.360] [DEBUG] cheese - admin
[2019-12-30T22:05:05.362] [DEBUG] cheese - null
[2019-12-30T22:05:05.362] [DEBUG] cheese - null
[2019-12-30T22:28:13.996] [DEBUG] cheese - login => username:admin,password:123456
[2019-12-30T22:28:13.996] [DEBUG] cheese - admin
[2019-12-30T22:28:13.999] [DEBUG] cheese - null
[2019-12-30T22:28:13.999] [DEBUG] cheese - null
[2020-01-04T21:02:25.003] [DEBUG] cheese - login => username:admin,password:123456
[2020-01-04T21:02:25.005] [DEBUG] cheese - admin
[2020-01-04T21:02:25.036] [DEBUG] cheese - null
[2020-01-04T21:02:25.036] [DEBUG] cheese - null
